app/build/intermediates/manifest_merge_blame_file/debug/manifest-merger-blame-debug-report.txt
1<?xml version="1.0" encoding="utf-8"?>
2<manifest xmlns:android="http://schemas.android.com/apk/res/android"
3    package="com.example.projek2"
4    android:versionCode="1"
5    android:versionName="1.0" >
6
7    <uses-sdk
8        android:minSdkVersion="16"
8-->src\main\AndroidManifest.xml
9        android:targetSdkVersion="30" />
9-->src\main\AndroidManifest.xml
10
11    <application
11-->src\main\AndroidManifest.xml:6:5-28:19
12        android:allowBackup="true"
12-->src\main\AndroidManifest.xml:7:9-35
13        android:appComponentFactory="androidx.core.app.CoreComponentFactory"
13-->[androidx.core:core:1.3.1] AndroidManifest.xml:24:18-86
14        android:debuggable="true"
15        android:icon="@mipmap/ic_launcher"
15-->src\main\AndroidManifest.xml:8:9-43
16        android:label="La PleyStor"
16-->src\main\AndroidManifest.xml:9:9-36
17        android:roundIcon="@mipmap/ic_launcher_round"
17-->src\main\AndroidManifest.xml:10:9-54
18        android:supportsRtl="true"
18-->src\main\AndroidManifest.xml:11:9-35
19        android:testOnly="true"
20        android:theme="@style/Theme.Projek2" >
20-->src\main\AndroidManifest.xml:12:9-45
21        <activity
21-->src\main\AndroidManifest.xml:13:9-20:20
22            android:name="com.example.projek2.AppsDetail"
22-->src\main\AndroidManifest.xml:13:19-45
23            android:label="Apps Description"
23-->src\main\AndroidManifest.xml:15:13-45
24            android:parentActivityName="com.example.projek2.MainActivity" >
24-->src\main\AndroidManifest.xml:16:13-55
25            <meta-data
25-->src\main\AndroidManifest.xml:17:13-19:49
26                android:name="android.support.PARENT_ACTIVITY"
26-->src\main\AndroidManifest.xml:18:17-63
27                android:value=".MainActivity" />
27-->src\main\AndroidManifest.xml:19:17-46
28        </activity>
29        <activity android:name="com.example.projek2.MainActivity" >
29-->src\main\AndroidManifest.xml:21:9-27:20
29-->src\main\AndroidManifest.xml:21:19-47
30            <intent-filter>
30-->src\main\AndroidManifest.xml:22:13-26:29
31                <action android:name="android.intent.action.MAIN" />
31-->src\main\AndroidManifest.xml:23:17-69
31-->src\main\AndroidManifest.xml:23:25-66
32
33                <category android:name="android.intent.category.LAUNCHER" />
33-->src\main\AndroidManifest.xml:25:17-77
33-->src\main\AndroidManifest.xml:25:27-74
34            </intent-filter>
35        </activity>
36    </application>
37
38</manifest>